#
# There is insufficient memory for the Java Runtime Environment to continue.
# Native memory allocation (malloc) failed to allocate 262160 bytes. Error detail: Chunk::new
# Possible reasons:
#   The system is out of physical RAM or swap space
#   This process is running with CompressedOops enabled, and the Java Heap may be blocking the growth of the native heap
# Possible solutions:
#   Reduce memory load on the system
#   Increase physical memory or swap space
#   Check if swap backing store is full
#   Decrease Java heap size (-Xmx/-Xms)
#   Decrease number of Java threads
#   Decrease Java thread stack sizes (-Xss)
#   Set larger code cache with -XX:ReservedCodeCacheSize=
#   JVM is running with Unscaled Compressed Oops mode in which the Java heap is
#     placed in the first 4GB address space. The Java Heap base address is the
#     maximum limit for the native heap growth. Please use -XX:HeapBaseMinAddress
#     to set the Java Heap base and to place the Java Heap above 4GB virtual address.
# This output file may be truncated or incomplete.
#
#  Out of Memory Error (arena.cpp:168), pid=20268, tid=17460
#
# JRE version: OpenJDK Runtime Environment Temurin-21.0.8+9 (21.0.8+9) (build 21.0.8+9-LTS)
# Java VM: OpenJDK 64-Bit Server VM Temurin-21.0.8+9 (21.0.8+9-LTS, mixed mode, tiered, compressed oops, compressed class ptrs, g1 gc, windows-amd64)
# No core dump will be written. Minidumps are not enabled by default on client versions of Windows
#

---------------  S U M M A R Y ------------

Command Line: -Dfile.encoding=UTF-8 -Dstdout.encoding=UTF-8 -Dstderr.encoding=UTF-8 -XX:+ShowCodeDetailsInExceptionMessages com.wipro.ecomuserms.EcomusermsApplication

Host: AMD Ryzen 3 3200U with Radeon Vega Mobile Gfx  , 4 cores, 3G,  Windows 11 , 64 bit Build 26100 (10.0.26100.4768)
Time: Sat Aug 30 16:15:12 2025 India Standard Time elapsed time: 19.671664 seconds (0d 0h 0m 19s)

---------------  T H R E A D  ---------------

Current thread (0x0000024080238e90):  JavaThread "C2 CompilerThread0" daemon [_thread_in_native, id=17460, stack(0x000000f421300000,0x000000f421400000) (1024K)]


Current CompileTask:
C2:19671 2278       4       java.lang.invoke.MethodType::makeImpl (109 bytes)

Stack: [0x000000f421300000,0x000000f421400000]
Native frames: (J=compiled Java code, j=interpreted, Vv=VM code, C=native code)
V  [jvm.dll+0x6d2449]
V  [jvm.dll+0x8ae341]
V  [jvm.dll+0x8b08be]
V  [jvm.dll+0x8b0fa3]
V  [jvm.dll+0x280c96]
V  [jvm.dll+0xc581d]
V  [jvm.dll+0xc5d53]
V  [jvm.dll+0xc5945]
V  [jvm.dll+0x6f950f]
V  [jvm.dll+0x1cce53]
V  [jvm.dll+0x6fb7bd]
V  [jvm.dll+0x3a095c]
V  [jvm.dll+0x1cc492]
V  [jvm.dll+0x1cc4ee]
V  [jvm.dll+0x2f45ac]
V  [jvm.dll+0x6ec842]
V  [jvm.dll+0x6e4833]
V  [jvm.dll+0x6e3f4e]
V  [jvm.dll+0x6e203c]
V  [jvm.dll+0x1cba2c]
V  [jvm.dll+0x1cc5ac]
V  [jvm.dll+0x2f45ac]
V  [jvm.dll+0x6ec842]
V  [jvm.dll+0x6e4833]
V  [jvm.dll+0x6e3f4e]
V  [jvm.dll+0x6e203c]
V  [jvm.dll+0x1cba2c]
V  [jvm.dll+0x1cc5ac]
V  [jvm.dll+0x2f45ac]
V  [jvm.dll+0x6ec842]
V  [jvm.dll+0x6e4833]
V  [jvm.dll+0x6e3f4e]
V  [jvm.dll+0x6e203c]
V  [jvm.dll+0x1cba2c]
V  [jvm.dll+0x1cc5ac]
V  [jvm.dll+0x1cc5ac]
V  [jvm.dll+0x2f45ac]
V  [jvm.dll+0x6ec842]
V  [jvm.dll+0x6e4833]
V  [jvm.dll+0x6e3f4e]
V  [jvm.dll+0x6e203c]
V  [jvm.dll+0x1cba2c]
V  [jvm.dll+0x1cc5ac]
V  [jvm.dll+0x2f45ac]
V  [jvm.dll+0x6ec842]
V  [jvm.dll+0x6e4833]
V  [jvm.dll+0x6e3f4e]
V  [jvm.dll+0x6e203c]
V  [jvm.dll+0x1cba2c]
V  [jvm.dll+0x1cc5ac]
V  [jvm.dll+0x2f45ac]
V  [jvm.dll+0x6ec842]
V  [jvm.dll+0x6e4833]
V  [jvm.dll+0x6e3f4e]
V  [jvm.dll+0x6e203c]
V  [jvm.dll+0x1cba2c]
V  [jvm.dll+0x2f45ac]
V  [jvm.dll+0x6ec842]
V  [jvm.dll+0x6e4833]
V  [jvm.dll+0x6e3f4e]
V  [jvm.dll+0x6e203c]
V  [jvm.dll+0x1cba2c]
V  [jvm.dll+0x2f45ac]
V  [jvm.dll+0x6ec842]
V  [jvm.dll+0x6e4833]
V  [jvm.dll+0x6e3f4e]
V  [jvm.dll+0x6e203c]
V  [jvm.dll+0x1cba2c]
V  [jvm.dll+0x1cc5ac]
V  [jvm.dll+0x2f45ac]
V  [jvm.dll+0x6ec842]
V  [jvm.dll+0x6e4833]
V  [jvm.dll+0x6e3f4e]
V  [jvm.dll+0x6e203c]
V  [jvm.dll+0x1cba2c]
V  [jvm.dll+0x24801e]
V  [jvm.dll+0x1c89ee]
V  [jvm.dll+0x257d4d]
V  [jvm.dll+0x2562ea]
V  [jvm.dll+0x3f2d16]
V  [jvm.dll+0x857e6b]
V  [jvm.dll+0x6d0b0d]
C  [ucrtbase.dll+0x37b0]
C  [KERNEL32.DLL+0x2e8d7]
C  [ntdll.dll+0x3c34c]


---------------  P R O C E S S  ---------------

Threads class SMR info:
_java_thread_list=0x00000240855c5300, length=14, elements={
0x00000240e230bcf0, 0x00000240801fc7a0, 0x00000240801fe500, 0x00000240801d5ff0,
0x0000024080262ef0, 0x0000024080263550, 0x0000024080238110, 0x0000024080238e90,
0x00000240802b63c0, 0x00000240803f2820, 0x0000024080405f60, 0x00000240851d5800,
0x0000024080c60080, 0x0000024080d22710
}

Java Threads: ( => current thread )
  0x00000240e230bcf0 JavaThread "main"                              [_thread_blocked, id=19380, stack(0x000000f420500000,0x000000f420600000) (1024K)]
  0x00000240801fc7a0 JavaThread "Reference Handler"          daemon [_thread_blocked, id=10248, stack(0x000000f420d00000,0x000000f420e00000) (1024K)]
  0x00000240801fe500 JavaThread "Finalizer"                  daemon [_thread_blocked, id=5692, stack(0x000000f420e00000,0x000000f420f00000) (1024K)]
  0x00000240801d5ff0 JavaThread "Signal Dispatcher"          daemon [_thread_blocked, id=12932, stack(0x000000f420f00000,0x000000f421000000) (1024K)]
  0x0000024080262ef0 JavaThread "Attach Listener"            daemon [_thread_blocked, id=8328, stack(0x000000f421000000,0x000000f421100000) (1024K)]
  0x0000024080263550 JavaThread "Service Thread"             daemon [_thread_blocked, id=6624, stack(0x000000f421100000,0x000000f421200000) (1024K)]
  0x0000024080238110 JavaThread "Monitor Deflation Thread"   daemon [_thread_blocked, id=15512, stack(0x000000f421200000,0x000000f421300000) (1024K)]
=>0x0000024080238e90 JavaThread "C2 CompilerThread0"         daemon [_thread_in_native, id=17460, stack(0x000000f421300000,0x000000f421400000) (1024K)]
  0x00000240802b63c0 JavaThread "C1 CompilerThread0"         daemon [_thread_blocked, id=14804, stack(0x000000f421400000,0x000000f421500000) (1024K)]
  0x00000240803f2820 JavaThread "Notification Thread"        daemon [_thread_blocked, id=5212, stack(0x000000f421500000,0x000000f421600000) (1024K)]
  0x0000024080405f60 JavaThread "Common-Cleaner"             daemon [_thread_blocked, id=15656, stack(0x000000f421600000,0x000000f421700000) (1024K)]
  0x00000240851d5800 JavaThread "Thread-0"                          [_thread_blocked, id=7076, stack(0x000000f421a00000,0x000000f421b00000) (1024K)]
  0x0000024080c60080 JavaThread "restartedMain"                     [_thread_blocked, id=20240, stack(0x000000f421b00000,0x000000f421c00000) (1024K)]
  0x0000024080d22710 JavaThread "background-preinit"                [_thread_in_native, id=14660, stack(0x000000f421c00000,0x000000f421d00000) (1024K)]
Total: 14

Other Threads:
  0x0000024080166d30 VMThread "VM Thread"                           [id=14308, stack(0x000000f420c00000,0x000000f420d00000) (1024K)]
  0x00000240e23b4aa0 WatcherThread "VM Periodic Task Thread"        [id=10156, stack(0x000000f420b00000,0x000000f420c00000) (1024K)]
  0x00000240e2341760 WorkerThread "GC Thread#0"                     [id=16044, stack(0x000000f420600000,0x000000f420700000) (1024K)]
  0x0000024080b502b0 WorkerThread "GC Thread#1"                     [id=3824, stack(0x000000f421700000,0x000000f421800000) (1024K)]
  0x0000024080a9c7d0 WorkerThread "GC Thread#2"                     [id=16192, stack(0x000000f421800000,0x000000f421900000) (1024K)]
  0x0000024080a9cb70 WorkerThread "GC Thread#3"                     [id=19128, stack(0x000000f421900000,0x000000f421a00000) (1024K)]
  0x00000240e23495c0 ConcurrentGCThread "G1 Main Marker"            [id=19700, stack(0x000000f420700000,0x000000f420800000) (1024K)]
  0x00000240e234b6e0 WorkerThread "G1 Conc#0"                       [id=3724, stack(0x000000f420800000,0x000000f420900000) (1024K)]
  0x00000240e23a0730 ConcurrentGCThread "G1 Refine#0"               [id=10864, stack(0x000000f420900000,0x000000f420a00000) (1024K)]
  0x00000240e23a12a0 ConcurrentGCThread "G1 Service"                [id=3660, stack(0x000000f420a00000,0x000000f420b00000) (1024K)]
Total: 10

Threads with active compile tasks:
C2 CompilerThread0  19836 2278       4       java.lang.invoke.MethodType::makeImpl (109 bytes)
Total: 1

VM state: not at safepoint (normal execution)

VM Mutex/Monitor currently owned by a thread: None

OutOfMemory and StackOverflow Exception counts:
OutOfMemoryError java_heap_errors=1
LinkageErrors=57

Heap address: 0x00000000c8c00000, size: 884 MB, Compressed Oops mode: 32-bit

CDS archive(s) not mapped
Compressed class space mapped at: 0x0000000100000000-0x0000000140000000, reserved size: 1073741824
Narrow klass base: 0x0000000000000000, Narrow klass shift: 3, Narrow klass range: 0x140000000

GC Precious Log:
 CardTable entry size: 512
 Card Set container configuration: InlinePtr #cards 5 size 8 Array Of Cards #cards 12 size 40 Howl #buckets 4 coarsen threshold 1843 Howl Bitmap #cards 512 size 80 coarsen threshold 460 Card regions per heap region 1 cards per card region 2048
 CPUs: 4 total, 4 available
 Memory: 3530M
 Large Page Support: Disabled
 NUMA Support: Disabled
 Compressed Oops: Enabled (32-bit)
 Heap Region Size: 1M
 Heap Min Capacity: 8M
 Heap Initial Capacity: 56M
 Heap Max Capacity: 884M
 Pre-touch: Disabled
 Parallel Workers: 4
 Concurrent Workers: 1
 Concurrent Refinement Workers: 4
 Periodic GC: Disabled

Heap:
 garbage-first heap   total 57344K, used 21722K [0x00000000c8c00000, 0x0000000100000000)
  region size 1024K, 8 young (8192K), 2 survivors (2048K)
 Metaspace       used 22469K, committed 22848K, reserved 1114112K
  class space    used 2443K, committed 2624K, reserved 1048576K

Heap Regions: E=young(eden), S=young(survivor), O=old, HS=humongous(starts), HC=humongous(continues), CS=collection set, F=free, TAMS=top-at-mark-start, PB=parsable bottom
|   0|0x00000000c8c00000, 0x00000000c8d00000, 0x00000000c8d00000|100%|HS|  |TAMS 0x00000000c8c00000| PB 0x00000000c8c00000| Complete 
|   1|0x00000000c8d00000, 0x00000000c8e00000, 0x00000000c8e00000|100%|HS|  |TAMS 0x00000000c8d00000| PB 0x00000000c8d00000| Complete 
|   2|0x00000000c8e00000, 0x00000000c8f00000, 0x00000000c8f00000|100%|HS|  |TAMS 0x00000000c8e00000| PB 0x00000000c8e00000| Complete 
|   3|0x00000000c8f00000, 0x00000000c8f00000, 0x00000000c9000000|  0%| F|  |TAMS 0x00000000c8f00000| PB 0x00000000c8f00000| Untracked 
|   4|0x00000000c9000000, 0x00000000c9100000, 0x00000000c9100000|100%| O|  |TAMS 0x00000000c9000000| PB 0x00000000c9000000| Untracked 
|   5|0x00000000c9100000, 0x00000000c9200000, 0x00000000c9200000|100%| O|  |TAMS 0x00000000c9100000| PB 0x00000000c9100000| Untracked 
|   6|0x00000000c9200000, 0x00000000c9300000, 0x00000000c9300000|100%| O|  |TAMS 0x00000000c9200000| PB 0x00000000c9200000| Untracked 
|   7|0x00000000c9300000, 0x00000000c9400000, 0x00000000c9400000|100%| O|  |TAMS 0x00000000c9300000| PB 0x00000000c9300000| Untracked 
|   8|0x00000000c9400000, 0x00000000c9500000, 0x00000000c9500000|100%| O|  |TAMS 0x00000000c9400000| PB 0x00000000c9400000| Untracked 
|   9|0x00000000c9500000, 0x00000000c9500000, 0x00000000c9600000|  0%| F|  |TAMS 0x00000000c9500000| PB 0x00000000c9500000| Untracked 
|  10|0x00000000c9600000, 0x00000000c9700000, 0x00000000c9700000|100%| O|  |TAMS 0x00000000c9600000| PB 0x00000000c9600000| Untracked 
|  11|0x00000000c9700000, 0x00000000c97490e0, 0x00000000c9800000| 28%| O|  |TAMS 0x00000000c9700000| PB 0x00000000c9700000| Untracked 
|  12|0x00000000c9800000, 0x00000000c9900000, 0x00000000c9900000|100%| O|  |TAMS 0x00000000c9800000| PB 0x00000000c9800000| Untracked 
|  13|0x00000000c9900000, 0x00000000c9a00000, 0x00000000c9a00000|100%| O|  |TAMS 0x00000000c9900000| PB 0x00000000c9900000| Untracked 
|  14|0x00000000c9a00000, 0x00000000c9b00000, 0x00000000c9b00000|100%| O|Cm|TAMS 0x00000000c9a00000| PB 0x00000000c9a00000| Complete 
|  15|0x00000000c9b00000, 0x00000000c9c00000, 0x00000000c9c00000|100%| O|  |TAMS 0x00000000c9b00000| PB 0x00000000c9b00000| Untracked 
|  16|0x00000000c9c00000, 0x00000000c9d00000, 0x00000000c9d00000|100%| O|  |TAMS 0x00000000c9c00000| PB 0x00000000c9c00000| Untracked 
|  17|0x00000000c9d00000, 0x00000000c9e00000, 0x00000000c9e00000|100%| O|  |TAMS 0x00000000c9d00000| PB 0x00000000c9d00000| Untracked 
|  18|0x00000000c9e00000, 0x00000000c9e00000, 0x00000000c9f00000|  0%| F|  |TAMS 0x00000000c9e00000| PB 0x00000000c9e00000| Untracked 
|  19|0x00000000c9f00000, 0x00000000c9f00000, 0x00000000ca000000|  0%| F|  |TAMS 0x00000000c9f00000| PB 0x00000000c9f00000| Untracked 
|  20|0x00000000ca000000, 0x00000000ca000000, 0x00000000ca100000|  0%| F|  |TAMS 0x00000000ca000000| PB 0x00000000ca000000| Untracked 
|  21|0x00000000ca100000, 0x00000000ca100000, 0x00000000ca200000|  0%| F|  |TAMS 0x00000000ca100000| PB 0x00000000ca100000| Untracked 
|  22|0x00000000ca200000, 0x00000000ca200000, 0x00000000ca300000|  0%| F|  |TAMS 0x00000000ca200000| PB 0x00000000ca200000| Untracked 
|  23|0x00000000ca300000, 0x00000000ca300000, 0x00000000ca400000|  0%| F|  |TAMS 0x00000000ca300000| PB 0x00000000ca300000| Untracked 
|  24|0x00000000ca400000, 0x00000000ca400000, 0x00000000ca500000|  0%| F|  |TAMS 0x00000000ca400000| PB 0x00000000ca400000| Untracked 
|  25|0x00000000ca500000, 0x00000000ca500000, 0x00000000ca600000|  0%| F|  |TAMS 0x00000000ca500000| PB 0x00000000ca500000| Untracked 
|  26|0x00000000ca600000, 0x00000000ca600000, 0x00000000ca700000|  0%| F|  |TAMS 0x00000000ca600000| PB 0x00000000ca600000| Untracked 
|  27|0x00000000ca700000, 0x00000000ca700000, 0x00000000ca800000|  0%| F|  |TAMS 0x00000000ca700000| PB 0x00000000ca700000| Untracked 
|  28|0x00000000ca800000, 0x00000000ca800000, 0x00000000ca900000|  0%| F|  |TAMS 0x00000000ca800000| PB 0x00000000ca800000| Untracked 
|  29|0x00000000ca900000, 0x00000000ca900000, 0x00000000caa00000|  0%| F|  |TAMS 0x00000000ca900000| PB 0x00000000ca900000| Untracked 
|  30|0x00000000caa00000, 0x00000000caa00000, 0x00000000cab00000|  0%| F|  |TAMS 0x00000000caa00000| PB 0x00000000caa00000| Untracked 
|  31|0x00000000cab00000, 0x00000000cab00000, 0x00000000cac00000|  0%| F|  |TAMS 0x00000000cab00000| PB 0x00000000cab00000| Untracked 
|  32|0x00000000cac00000, 0x00000000cac00000, 0x00000000cad00000|  0%| F|  |TAMS 0x00000000cac00000| PB 0x00000000cac00000| Untracked 
|  33|0x00000000cad00000, 0x00000000cad00000, 0x00000000cae00000|  0%| F|  |TAMS 0x00000000cad00000| PB 0x00000000cad00000| Untracked 
|  34|0x00000000cae00000, 0x00000000cae00000, 0x00000000caf00000|  0%| F|  |TAMS 0x00000000cae00000| PB 0x00000000cae00000| Untracked 
|  35|0x00000000caf00000, 0x00000000caf00000, 0x00000000cb000000|  0%| F|  |TAMS 0x00000000caf00000| PB 0x00000000caf00000| Untracked 
|  36|0x00000000cb000000, 0x00000000cb000000, 0x00000000cb100000|  0%| F|  |TAMS 0x00000000cb000000| PB 0x00000000cb000000| Untracked 
|  37|0x00000000cb100000, 0x00000000cb100000, 0x00000000cb200000|  0%| F|  |TAMS 0x00000000cb100000| PB 0x00000000cb100000| Untracked 
|  38|0x00000000cb200000, 0x00000000cb200000, 0x00000000cb300000|  0%| F|  |TAMS 0x00000000cb200000| PB 0x00000000cb200000| Untracked 
|  39|0x00000000cb300000, 0x00000000cb300000, 0x00000000cb400000|  0%| F|  |TAMS 0x00000000cb300000| PB 0x00000000cb300000| Untracked 
|  40|0x00000000cb400000, 0x00000000cb400000, 0x00000000cb500000|  0%| F|  |TAMS 0x00000000cb400000| PB 0x00000000cb400000| Untracked 
|  41|0x00000000cb500000, 0x00000000cb500000, 0x00000000cb600000|  0%| F|  |TAMS 0x00000000cb500000| PB 0x00000000cb500000| Untracked 
|  42|0x00000000cb600000, 0x00000000cb600000, 0x00000000cb700000|  0%| F|  |TAMS 0x00000000cb600000| PB 0x00000000cb600000| Untracked 
|  43|0x00000000cb700000, 0x00000000cb700000, 0x00000000cb800000|  0%| F|  |TAMS 0x00000000cb700000| PB 0x00000000cb700000| Untracked 
|  44|0x00000000cb800000, 0x00000000cb800000, 0x00000000cb900000|  0%| F|  |TAMS 0x00000000cb800000| PB 0x00000000cb800000| Untracked 
|  45|0x00000000cb900000, 0x00000000cb900000, 0x00000000cba00000|  0%| F|  |TAMS 0x00000000cb900000| PB 0x00000000cb900000| Untracked 
|  46|0x00000000cba00000, 0x00000000cba00000, 0x00000000cbb00000|  0%| F|  |TAMS 0x00000000cba00000| PB 0x00000000cba00000| Untracked 
|  47|0x00000000cbb00000, 0x00000000cbbedae8, 0x00000000cbc00000| 92%| S|CS|TAMS 0x00000000cbb00000| PB 0x00000000cbb00000| Complete 
|  48|0x00000000cbc00000, 0x00000000cbd00000, 0x00000000cbd00000|100%| S|CS|TAMS 0x00000000cbc00000| PB 0x00000000cbc00000| Complete 
|  49|0x00000000cbd00000, 0x00000000cbd00000, 0x00000000cbe00000|  0%| F|  |TAMS 0x00000000cbd00000| PB 0x00000000cbd00000| Untracked 
|  50|0x00000000cbe00000, 0x00000000cbe20068, 0x00000000cbf00000| 12%| E|  |TAMS 0x00000000cbe00000| PB 0x00000000cbe00000| Complete 
|  51|0x00000000cbf00000, 0x00000000cc000000, 0x00000000cc000000|100%| E|CS|TAMS 0x00000000cbf00000| PB 0x00000000cbf00000| Complete 
|  52|0x00000000cc000000, 0x00000000cc100000, 0x00000000cc100000|100%| E|CS|TAMS 0x00000000cc000000| PB 0x00000000cc000000| Complete 
|  53|0x00000000cc100000, 0x00000000cc200000, 0x00000000cc200000|100%| E|CS|TAMS 0x00000000cc100000| PB 0x00000000cc100000| Complete 
|  54|0x00000000cc200000, 0x00000000cc300000, 0x00000000cc300000|100%| E|CS|TAMS 0x00000000cc200000| PB 0x00000000cc200000| Complete 
|  55|0x00000000cc300000, 0x00000000cc400000, 0x00000000cc400000|100%| E|  |TAMS 0x00000000cc300000| PB 0x00000000cc300000| Complete 

Card table byte_map: [0x00000240f4ca0000,0x00000240f4e60000] _byte_map_base: 0x00000240f465a000

Marking Bits: (CMBitMap*) 0x00000240e2341e60
 Bits: [0x00000240f4e60000, 0x00000240f5c30000)

Polling page: 0x00000240dfe20000

Metaspace:

Usage:
  Non-class:     19.58 MB used.
      Class:      2.39 MB used.
       Both:     21.97 MB used.

Virtual space:
  Non-class space:       64.00 MB reserved,      19.75 MB ( 31%) committed,  1 nodes.
      Class space:        1.00 GB reserved,       2.56 MB ( <1%) committed,  1 nodes.
             Both:        1.06 GB reserved,      22.31 MB (  2%) committed. 

Chunk freelists:
   Non-Class:  12.20 MB
       Class:  13.39 MB
        Both:  25.59 MB

MaxMetaspaceSize: unlimited
CompressedClassSpaceSize: 1.00 GB
Initial GC threshold: 21.00 MB
Current GC threshold: 35.31 MB
CDS: off
 - commit_granule_bytes: 65536.
 - commit_granule_words: 8192.
 - virtual_space_node_default_size: 8388608.
 - enlarge_chunks_in_place: 1.
 - use_allocation_guard: 0.


Internal statistics:

num_allocs_failed_limit: 3.
num_arena_births: 382.
num_arena_deaths: 0.
num_vsnodes_births: 2.
num_vsnodes_deaths: 0.
num_space_committed: 357.
num_space_uncommitted: 0.
num_chunks_returned_to_freelist: 3.
num_chunks_taken_from_freelist: 849.
num_chunk_merges: 0.
num_chunk_splits: 494.
num_chunks_enlarged: 279.
num_inconsistent_stats: 0.

CodeHeap 'non-profiled nmethods': size=120000Kb used=1008Kb max_used=1008Kb free=118991Kb
 bounds [0x00000240ed770000, 0x00000240ed9e0000, 0x00000240f4ca0000]
CodeHeap 'profiled nmethods': size=120000Kb used=4330Kb max_used=4330Kb free=115669Kb
 bounds [0x00000240e5ca0000, 0x00000240e60e0000, 0x00000240ed1d0000]
CodeHeap 'non-nmethods': size=5760Kb used=1410Kb max_used=1425Kb free=4349Kb
 bounds [0x00000240ed1d0000, 0x00000240ed440000, 0x00000240ed770000]
CodeCache: size=245760Kb, used=6748Kb, max_used=6763Kb, free=239009Kb
 total_blobs=2786, nmethods=2283, adapters=407, full_count=0
Compilation: enabled, stopped_count=0, restarted_count=0

Compilation events (20 events):
Event: 19.379 Thread 0x00000240802b63c0 nmethod 2268 0x00000240e60d5610 code [0x00000240e60d5800, 0x00000240e60d5c88]
Event: 19.387 Thread 0x00000240802b63c0 2269       3       ch.qos.logback.classic.Logger::getChildByName (68 bytes)
Event: 19.388 Thread 0x00000240802b63c0 nmethod 2269 0x00000240e60d5d90 code [0x00000240e60d5fa0, 0x00000240e60d6518]
Event: 19.413 Thread 0x0000024080238e90 2270       4       jdk.internal.misc.Unsafe::allocateUninitializedArray (55 bytes)
Event: 19.415 Thread 0x0000024080238e90 nmethod 2270 0x00000240ed86a390 code [0x00000240ed86a520, 0x00000240ed86a6f8]
Event: 19.425 Thread 0x00000240802b63c0 2271       3       java.lang.invoke.MethodHandles$Lookup::checkMethod (87 bytes)
Event: 19.426 Thread 0x00000240802b63c0 nmethod 2271 0x00000240e60d6710 code [0x00000240e60d6920, 0x00000240e60d6f78]
Event: 19.426 Thread 0x00000240802b63c0 2272       3       java.lang.invoke.MethodHandles$Lookup::maybeBindCaller (72 bytes)
Event: 19.428 Thread 0x00000240802b63c0 nmethod 2272 0x00000240e60d7190 code [0x00000240e60d73c0, 0x00000240e60d7b38]
Event: 19.430 Thread 0x0000024080238e90 2273       4       jdk.internal.misc.Unsafe::allocateUninitializedArray0 (90 bytes)
Event: 19.432 Thread 0x0000024080238e90 nmethod 2273 0x00000240ed86a810 code [0x00000240ed86a9a0, 0x00000240ed86ab70]
Event: 19.436 Thread 0x0000024080238e90 2274       4       java.lang.String::regionMatches (150 bytes)
Event: 19.443 Thread 0x0000024080238e90 nmethod 2274 0x00000240ed86ac90 code [0x00000240ed86ae40, 0x00000240ed86b1c8]
Event: 19.443 Thread 0x0000024080238e90 2275       4       jdk.internal.misc.Unsafe::allocateUninitializedArray (55 bytes)
Event: 19.445 Thread 0x0000024080238e90 nmethod 2275 0x00000240ed86b490 code [0x00000240ed86b620, 0x00000240ed86b7d8]
Event: 19.446 Thread 0x0000024080238e90 2276       4       java.lang.ClassLoader::checkName (37 bytes)
Event: 19.452 Thread 0x0000024080238e90 nmethod 2276 0x00000240ed86b910 code [0x00000240ed86bac0, 0x00000240ed86bd28]
Event: 19.482 Thread 0x00000240802b63c0 2277       3       java.lang.reflect.Method::getParameterCount (6 bytes)
Event: 19.482 Thread 0x00000240802b63c0 nmethod 2277 0x00000240e60d7e10 code [0x00000240e60d7fa0, 0x00000240e60d80b8]
Event: 19.487 Thread 0x0000024080238e90 2278       4       java.lang.invoke.MethodType::makeImpl (109 bytes)

GC Heap History (10 events):
Event: 4.127 GC heap before
{Heap before GC invocations=0 (full 0):
 garbage-first heap   total 57344K, used 16384K [0x00000000c8c00000, 0x0000000100000000)
  region size 1024K, 13 young (13312K), 0 survivors (0K)
 Metaspace       used 9781K, committed 9920K, reserved 1114112K
  class space    used 821K, committed 896K, reserved 1048576K
}
Event: 4.167 GC heap after
{Heap after GC invocations=1 (full 0):
 garbage-first heap   total 57344K, used 9616K [0x00000000c8c00000, 0x0000000100000000)
  region size 1024K, 2 young (2048K), 2 survivors (2048K)
 Metaspace       used 9781K, committed 9920K, reserved 1114112K
  class space    used 821K, committed 896K, reserved 1048576K
}
Event: 5.728 GC heap before
{Heap before GC invocations=1 (full 0):
 garbage-first heap   total 57344K, used 22928K [0x00000000c8c00000, 0x0000000100000000)
  region size 1024K, 12 young (12288K), 2 survivors (2048K)
 Metaspace       used 10592K, committed 10752K, reserved 1114112K
  class space    used 925K, committed 1024K, reserved 1048576K
}
Event: 5.741 GC heap after
{Heap after GC invocations=2 (full 0):
 garbage-first heap   total 57344K, used 16980K [0x00000000c8c00000, 0x0000000100000000)
  region size 1024K, 2 young (2048K), 2 survivors (2048K)
 Metaspace       used 10592K, committed 10752K, reserved 1114112K
  class space    used 925K, committed 1024K, reserved 1048576K
}
Event: 10.177 GC heap before
{Heap before GC invocations=2 (full 0):
 garbage-first heap   total 57344K, used 32340K [0x00000000c8c00000, 0x0000000100000000)
  region size 1024K, 17 young (17408K), 2 survivors (2048K)
 Metaspace       used 14703K, committed 14848K, reserved 1114112K
  class space    used 1395K, committed 1472K, reserved 1048576K
}
Event: 10.192 GC heap after
{Heap after GC invocations=3 (full 0):
 garbage-first heap   total 57344K, used 18222K [0x00000000c8c00000, 0x0000000100000000)
  region size 1024K, 3 young (3072K), 3 survivors (3072K)
 Metaspace       used 14703K, committed 14848K, reserved 1114112K
  class space    used 1395K, committed 1472K, reserved 1048576K
}
Event: 17.952 GC heap before
{Heap before GC invocations=3 (full 0):
 garbage-first heap   total 57344K, used 35630K [0x00000000c8c00000, 0x0000000100000000)
  region size 1024K, 20 young (20480K), 3 survivors (3072K)
 Metaspace       used 19010K, committed 19264K, reserved 1114112K
  class space    used 1952K, committed 2048K, reserved 1048576K
}
Event: 17.961 GC heap after
{Heap after GC invocations=4 (full 0):
 garbage-first heap   total 57344K, used 18125K [0x00000000c8c00000, 0x0000000100000000)
  region size 1024K, 2 young (2048K), 2 survivors (2048K)
 Metaspace       used 19010K, committed 19264K, reserved 1114112K
  class space    used 1952K, committed 2048K, reserved 1048576K
}
Event: 19.321 GC heap before
{Heap before GC invocations=4 (full 0):
 garbage-first heap   total 57344K, used 23245K [0x00000000c8c00000, 0x0000000100000000)
  region size 1024K, 9 young (9216K), 2 survivors (2048K)
 Metaspace       used 21179K, committed 21504K, reserved 1114112K
  class space    used 2285K, committed 2432K, reserved 1048576K
}
Event: 19.327 GC heap after
{Heap after GC invocations=5 (full 0):
 garbage-first heap   total 57344K, used 18650K [0x00000000c8c00000, 0x0000000100000000)
  region size 1024K, 2 young (2048K), 2 survivors (2048K)
 Metaspace       used 21179K, committed 21504K, reserved 1114112K
  class space    used 2285K, committed 2432K, reserved 1048576K
}

Dll operation events (8 events):
Event: 0.069 Loaded shared library C:\Users\CSC\.p2\pool\plugins\org.eclipse.justj.openjdk.hotspot.jre.full.win32.x86_64_21.0.8.v20250724-1412\jre\bin\java.dll
Event: 0.433 Loaded shared library C:\Users\CSC\.p2\pool\plugins\org.eclipse.justj.openjdk.hotspot.jre.full.win32.x86_64_21.0.8.v20250724-1412\jre\bin\zip.dll
Event: 1.929 Loaded shared library C:\Users\CSC\.p2\pool\plugins\org.eclipse.justj.openjdk.hotspot.jre.full.win32.x86_64_21.0.8.v20250724-1412\jre\bin\net.dll
Event: 1.939 Loaded shared library C:\Users\CSC\.p2\pool\plugins\org.eclipse.justj.openjdk.hotspot.jre.full.win32.x86_64_21.0.8.v20250724-1412\jre\bin\nio.dll
Event: 1.967 Loaded shared library C:\Users\CSC\.p2\pool\plugins\org.eclipse.justj.openjdk.hotspot.jre.full.win32.x86_64_21.0.8.v20250724-1412\jre\bin\zip.dll
Event: 2.582 Loaded shared library C:\Users\CSC\.p2\pool\plugins\org.eclipse.justj.openjdk.hotspot.jre.full.win32.x86_64_21.0.8.v20250724-1412\jre\bin\jimage.dll
Event: 9.217 Loaded shared library C:\Users\CSC\.p2\pool\plugins\org.eclipse.justj.openjdk.hotspot.jre.full.win32.x86_64_21.0.8.v20250724-1412\jre\bin\management.dll
Event: 9.251 Loaded shared library C:\Users\CSC\.p2\pool\plugins\org.eclipse.justj.openjdk.hotspot.jre.full.win32.x86_64_21.0.8.v20250724-1412\jre\bin\management_ext.dll

Deoptimization events (20 events):
Event: 19.327 Thread 0x0000024080c60080 Uncommon trap: trap_request=0xffffff45 fr.pc=0x00000240ed805c64 relative=0x00000000000002a4
Event: 19.327 Thread 0x0000024080c60080 Uncommon trap: reason=unstable_if action=reinterpret pc=0x00000240ed805c64 method=java.util.concurrent.ConcurrentHashMap.get(Ljava/lang/Object;)Ljava/lang/Object; @ 152 c2
Event: 19.328 Thread 0x0000024080c60080 DEOPT PACKING pc=0x00000240ed805c64 sp=0x000000f421bfd600
Event: 19.328 Thread 0x0000024080c60080 DEOPT UNPACKING pc=0x00000240ed2246a2 sp=0x000000f421bfd568 mode 2
Event: 19.415 Thread 0x0000024080d22710 Uncommon trap: trap_request=0xffffffde fr.pc=0x00000240ed86a63c relative=0x000000000000011c
Event: 19.415 Thread 0x0000024080d22710 Uncommon trap: reason=class_check action=maybe_recompile pc=0x00000240ed86a63c method=jdk.internal.misc.Unsafe.allocateUninitializedArray(Ljava/lang/Class;I)Ljava/lang/Object; @ 51 c2
Event: 19.415 Thread 0x0000024080d22710 DEOPT PACKING pc=0x00000240ed86a63c sp=0x000000f421cfdcd0
Event: 19.415 Thread 0x0000024080d22710 DEOPT UNPACKING pc=0x00000240ed2246a2 sp=0x000000f421cfdc48 mode 2
Event: 19.415 Thread 0x0000024080c60080 Uncommon trap: trap_request=0xffffffde fr.pc=0x00000240ed86a63c relative=0x000000000000011c
Event: 19.415 Thread 0x0000024080c60080 Uncommon trap: reason=class_check action=maybe_recompile pc=0x00000240ed86a63c method=jdk.internal.misc.Unsafe.allocateUninitializedArray(Ljava/lang/Class;I)Ljava/lang/Object; @ 51 c2
Event: 19.415 Thread 0x0000024080c60080 DEOPT PACKING pc=0x00000240ed86a63c sp=0x000000f421bfa560
Event: 19.415 Thread 0x0000024080c60080 DEOPT UNPACKING pc=0x00000240ed2246a2 sp=0x000000f421bfa4d8 mode 2
Event: 19.415 Thread 0x0000024080c60080 Uncommon trap: trap_request=0xffffffde fr.pc=0x00000240ed86a63c relative=0x000000000000011c
Event: 19.415 Thread 0x0000024080c60080 Uncommon trap: reason=class_check action=maybe_recompile pc=0x00000240ed86a63c method=jdk.internal.misc.Unsafe.allocateUninitializedArray(Ljava/lang/Class;I)Ljava/lang/Object; @ 51 c2
Event: 19.415 Thread 0x0000024080c60080 DEOPT PACKING pc=0x00000240ed86a63c sp=0x000000f421bf9f70
Event: 19.415 Thread 0x0000024080c60080 DEOPT UNPACKING pc=0x00000240ed2246a2 sp=0x000000f421bf9ee8 mode 2
Event: 19.415 Thread 0x0000024080c60080 Uncommon trap: trap_request=0xffffffde fr.pc=0x00000240ed86a63c relative=0x000000000000011c
Event: 19.415 Thread 0x0000024080c60080 Uncommon trap: reason=class_check action=maybe_recompile pc=0x00000240ed86a63c method=jdk.internal.misc.Unsafe.allocateUninitializedArray(Ljava/lang/Class;I)Ljava/lang/Object; @ 51 c2
Event: 19.415 Thread 0x0000024080c60080 DEOPT PACKING pc=0x00000240ed86a63c sp=0x000000f421bfa120
Event: 19.416 Thread 0x0000024080c60080 DEOPT UNPACKING pc=0x00000240ed2246a2 sp=0x000000f421bfa098 mode 2

Classes loaded (20 events):
Event: 19.349 Loading class jdk/internal/module/SystemModules$all
Event: 19.352 Loading class jdk/internal/module/SystemModules$all done
Event: 19.392 Loading class org/xml/sax/SAXException
Event: 19.398 Loading class org/xml/sax/SAXException done
Event: 19.399 Loading class javax/xml/transform/Source
Event: 19.399 Loading class javax/xml/transform/Source done
Event: 19.453 Loading class java/io/NotSerializableException
Event: 19.453 Loading class java/io/ObjectStreamException
Event: 19.453 Loading class java/io/ObjectStreamException done
Event: 19.453 Loading class java/io/NotSerializableException done
Event: 19.454 Loading class java/util/concurrent/CompletionException
Event: 19.455 Loading class java/util/concurrent/CompletionException done
Event: 19.469 Loading class java/util/ResourceBundle$Control
Event: 19.469 Loading class java/util/ResourceBundle$Control done
Event: 19.470 Loading class java/util/ResourceBundle
Event: 19.472 Loading class java/util/ResourceBundle done
Event: 19.472 Loading class java/util/ResourceBundle$Control$CandidateListCache
Event: 19.473 Loading class java/util/ResourceBundle$Control$CandidateListCache done
Event: 19.473 Loading class java/lang/reflect/AnnotatedType
Event: 19.474 Loading class java/lang/reflect/AnnotatedType done

Classes unloaded (0 events):
No events

Classes redefined (0 events):
No events

Internal exceptions (20 events):
Event: 17.462 Thread 0x0000024080c60080 Exception <a 'java/lang/NoSuchMethodError'{0x00000000cb496428}: 'int java.lang.invoke.DirectMethodHandle$Holder.invokeStaticInit(java.lang.Object, int, int)'> (0x00000000cb496428) 
thrown [s\src\hotspot\share\interpreter\linkResolver.cpp, line 773]
Event: 17.494 Thread 0x0000024080c60080 Exception <a 'java/lang/NoSuchMethodError'{0x00000000cb49df80}: 'int java.lang.invoke.DirectMethodHandle$Holder.invokeStaticInit(java.lang.Object, long, long)'> (0x00000000cb49df80) 
thrown [s\src\hotspot\share\interpreter\linkResolver.cpp, line 773]
Event: 17.524 Thread 0x0000024080c60080 Exception <a 'java/lang/NoSuchMethodError'{0x00000000cb4a4cc8}: 'int java.lang.invoke.DirectMethodHandle$Holder.invokeStaticInit(java.lang.Object, float, float)'> (0x00000000cb4a4cc8) 
thrown [s\src\hotspot\share\interpreter\linkResolver.cpp, line 773]
Event: 17.528 Thread 0x0000024080c60080 Exception <a 'java/lang/NoSuchMethodError'{0x00000000cb4aba08}: 'int java.lang.invoke.DirectMethodHandle$Holder.invokeStaticInit(java.lang.Object, double, double)'> (0x00000000cb4aba08) 
thrown [s\src\hotspot\share\interpreter\linkResolver.cpp, line 773]
Event: 17.552 Thread 0x0000024080c60080 Exception <a 'java/lang/NoSuchMethodError'{0x00000000cb4b0220}: 'int java.lang.invoke.DirectMethodHandle$Holder.invokeStatic(java.lang.Object, long)'> (0x00000000cb4b0220) 
thrown [s\src\hotspot\share\interpreter\linkResolver.cpp, line 773]
Event: 17.717 Thread 0x0000024080c60080 Exception <a 'java/lang/NoSuchMethodError'{0x00000000cb4d2b28}: 'int java.lang.invoke.Invokers$Holder.linkToTargetMethod(java.lang.Object, java.lang.Object)'> (0x00000000cb4d2b28) 
thrown [s\src\hotspot\share\interpreter\linkResolver.cpp, line 773]
Event: 17.839 Thread 0x0000024080c60080 Exception <a 'java/lang/NoSuchMethodError'{0x00000000cb34d1f0}: 'java.lang.Object java.lang.invoke.DirectMethodHandle$Holder.invokeSpecial(java.lang.Object, java.lang.Object, java.lang.Object, int, java.lang.Object)'> (0x00000000cb34d1f0) 
thrown [s\src\hotspot\share\interpreter\linkResolver.cpp, line 773]
Event: 17.853 Thread 0x0000024080c60080 Exception <a 'java/lang/NoSuchMethodError'{0x00000000cb354bb8}: 'java.lang.Object java.lang.invoke.DirectMethodHandle$Holder.newInvokeSpecial(java.lang.Object, java.lang.Object, java.lang.Object, int, java.lang.Object)'> (0x00000000cb354bb8) 
thrown [s\src\hotspot\share\interpreter\linkResolver.cpp, line 773]
Event: 17.858 Thread 0x0000024080c60080 Exception <a 'java/lang/NoSuchMethodError'{0x00000000cb36a940}: 'java.lang.Object java.lang.invoke.DirectMethodHandle$Holder.newInvokeSpecial(java.lang.Object, int, java.lang.Object)'> (0x00000000cb36a940) 
thrown [s\src\hotspot\share\interpreter\linkResolver.cpp, line 773]
Event: 17.863 Thread 0x0000024080c60080 Exception <a 'java/lang/NoSuchMethodError'{0x00000000cb36f2b0}: 'int java.lang.invoke.DirectMethodHandle$Holder.invokeSpecialIFC(java.lang.Object, java.lang.Object, java.lang.Object, java.lang.Object)'> (0x00000000cb36f2b0) 
thrown [s\src\hotspot\share\interpreter\linkResolver.cpp, line 773]
Event: 17.986 Thread 0x0000024080c60080 Exception <a 'java/lang/NoSuchMethodError'{0x00000000cc31d030}: 'void java.lang.invoke.DirectMethodHandle$Holder.invokeInterface(java.lang.Object, java.lang.Object, java.lang.Object)'> (0x00000000cc31d030) 
thrown [s\src\hotspot\share\interpreter\linkResolver.cpp, line 773]
Event: 18.155 Thread 0x0000024080c60080 Exception <a 'java/lang/NoSuchMethodError'{0x00000000cc3cf490}: 'java.lang.Object java.lang.invoke.Invokers$Holder.invoke_MT(java.lang.Object, java.lang.Object, java.lang.Object, java.lang.Object, java.lang.Object, java.lang.Object, java.lang.Object, java.lang.Object, java.lang.Object)'> (0x00000000cc3cf490) 
thrown [s\src\hotspot\share\interpreter\linkResolver.cpp, line 773]
Event: 18.216 Thread 0x0000024080c60080 Exception <a 'java/lang/NoSuchMethodError'{0x00000000cc3fb220}: 'java.lang.reflect.Field[] java.lang.Class.getDeclaredFields(java.lang.Class)'> (0x00000000cc3fb220) 
thrown [s\src\hotspot\share\interpreter\linkResolver.cpp, line 773]
Event: 18.544 Thread 0x0000024080c60080 Exception <a 'java/lang/NoSuchMethodError'{0x00000000cc2d2f68}: 'void java.lang.invoke.DirectMethodHandle$Holder.invokeStaticInit(java.lang.Object, java.lang.Object, java.lang.Object)'> (0x00000000cc2d2f68) 
thrown [s\src\hotspot\share\interpreter\linkResolver.cpp, line 773]
Event: 18.581 Thread 0x0000024080c60080 Exception <a 'java/lang/NoSuchMethodError'{0x00000000cc10a570}: 'java.lang.Object java.lang.invoke.DirectMethodHandle$Holder.invokeStaticInit(java.lang.Object, int)'> (0x00000000cc10a570) 
thrown [s\src\hotspot\share\interpreter\linkResolver.cpp, line 773]
Event: 18.629 Thread 0x0000024080c60080 Exception <a 'java/lang/NoSuchMethodError'{0x00000000cc114cc0}: 'java.lang.Object java.lang.invoke.DirectMethodHandle$Holder.invokeStatic(java.lang.Object, int, java.lang.Object)'> (0x00000000cc114cc0) 
thrown [s\src\hotspot\share\interpreter\linkResolver.cpp, line 773]
Event: 18.651 Thread 0x0000024080c60080 Exception <a 'java/lang/NoSuchMethodError'{0x00000000cc118350}: 'java.lang.Object java.lang.invoke.DirectMethodHandle$Holder.invokeStaticInit(java.lang.Object, int, java.lang.Object)'> (0x00000000cc118350) 
thrown [s\src\hotspot\share\interpreter\linkResolver.cpp, line 773]
Event: 18.698 Thread 0x0000024080c60080 Exception <a 'java/lang/NoSuchMethodError'{0x00000000cc139790}: 'java.lang.Object java.lang.invoke.DirectMethodHandle$Holder.invokeVirtual(java.lang.Object, java.lang.Object, java.lang.Object)'> (0x00000000cc139790) 
thrown [s\src\hotspot\share\interpreter\linkResolver.cpp, line 773]
Event: 18.857 Thread 0x0000024080c60080 Exception <a 'java/lang/NoSuchMethodError'{0x00000000cc1edd20}: 'void java.lang.invoke.DirectMethodHandle$Holder.invokeVirtual(java.lang.Object, java.lang.Object, java.lang.Object, java.lang.Object)'> (0x00000000cc1edd20) 
thrown [s\src\hotspot\share\interpreter\linkResolver.cpp, line 773]
Event: 19.255 Thread 0x0000024080c60080 Exception <a 'java/lang/IncompatibleClassChangeError'{0x00000000cbe7e600}: Found class java.lang.Object, but interface was expected> (0x00000000cbe7e600) 
thrown [s\src\hotspot\share\interpreter\linkResolver.cpp, line 840]

ZGC Phase Switch (0 events):
No events

VM Operations (20 events):
Event: 17.311 Executing VM operation: HandshakeAllThreads (Deoptimize)
Event: 17.312 Executing VM operation: HandshakeAllThreads (Deoptimize) done
Event: 17.952 Executing VM operation: G1CollectForAllocation (G1 Evacuation Pause)
Event: 17.961 Executing VM operation: G1CollectForAllocation (G1 Evacuation Pause) done
Event: 18.315 Executing VM operation: HandshakeAllThreads (Deoptimize)
Event: 18.315 Executing VM operation: HandshakeAllThreads (Deoptimize) done
Event: 19.198 Executing VM operation: HandshakeAllThreads (Deoptimize)
Event: 19.198 Executing VM operation: HandshakeAllThreads (Deoptimize) done
Event: 19.198 Executing VM operation: Cleanup
Event: 19.198 Executing VM operation: Cleanup done
Event: 19.208 Executing VM operation: HandshakeAllThreads (Deoptimize)
Event: 19.208 Executing VM operation: HandshakeAllThreads (Deoptimize) done
Event: 19.209 Executing VM operation: HandshakeAllThreads (Deoptimize)
Event: 19.209 Executing VM operation: HandshakeAllThreads (Deoptimize) done
Event: 19.321 Executing VM operation: CollectForMetadataAllocation (Metadata GC Threshold)
Event: 19.327 Executing VM operation: CollectForMetadataAllocation (Metadata GC Threshold) done
Event: 19.356 Executing VM operation: G1PauseRemark
Event: 19.363 Executing VM operation: G1PauseRemark done
Event: 19.370 Executing VM operation: G1PauseCleanup
Event: 19.370 Executing VM operation: G1PauseCleanup done

Memory protections (0 events):
No events

Nmethod flushes (0 events):
No events

Events (16 events):
Event: 0.420 Thread 0x00000240e230bcf0 Thread added: 0x00000240e230bcf0
Event: 0.808 Thread 0x00000240e230bcf0 Thread added: 0x00000240801fc7a0
Event: 0.809 Thread 0x00000240e230bcf0 Thread added: 0x00000240801fe500
Event: 0.813 Thread 0x00000240e230bcf0 Thread added: 0x00000240801d5ff0
Event: 0.813 Thread 0x00000240e230bcf0 Thread added: 0x0000024080262ef0
Event: 0.813 Thread 0x00000240e230bcf0 Thread added: 0x0000024080263550
Event: 0.814 Thread 0x00000240e230bcf0 Thread added: 0x0000024080238110
Event: 0.814 Thread 0x00000240e230bcf0 Thread added: 0x0000024080238e90
Event: 0.830 Thread 0x00000240e230bcf0 Thread added: 0x00000240802b63c0
Event: 1.552 Thread 0x00000240e230bcf0 Thread added: 0x00000240803f2820
Event: 1.776 Thread 0x00000240e230bcf0 Thread added: 0x0000024080405f60
Event: 10.805 Thread 0x00000240e230bcf0 Thread added: 0x00000240851d5800
Event: 10.898 Thread 0x00000240851d5800 Thread added: 0x0000024080c60080
Event: 18.397 Thread 0x0000024080c60080 Thread added: 0x00000240851ac440
Event: 18.474 Thread 0x00000240851ac440 Thread exited: 0x00000240851ac440
Event: 19.226 Thread 0x0000024080c60080 Thread added: 0x0000024080d22710


Dynamic libraries:
0x00007ff7a83f0000 - 0x00007ff7a83fe000 	C:\Users\CSC\.p2\pool\plugins\org.eclipse.justj.openjdk.hotspot.jre.full.win32.x86_64_21.0.8.v20250724-1412\jre\bin\javaw.exe
0x00007ff9ea9e0000 - 0x00007ff9eac47000 	C:\WINDOWS\SYSTEM32\ntdll.dll
0x00007ff9e9470000 - 0x00007ff9e9539000 	C:\WINDOWS\System32\KERNEL32.DLL
0x00007ff9e7c80000 - 0x00007ff9e8070000 	C:\WINDOWS\System32\KERNELBASE.dll
0x00007ff9e8080000 - 0x00007ff9e81cb000 	C:\WINDOWS\System32\ucrtbase.dll
0x00007ff9dd7c0000 - 0x00007ff9dd7d8000 	C:\Users\CSC\.p2\pool\plugins\org.eclipse.justj.openjdk.hotspot.jre.full.win32.x86_64_21.0.8.v20250724-1412\jre\bin\jli.dll
0x00007ff9e8840000 - 0x00007ff9e8a05000 	C:\WINDOWS\System32\USER32.dll
0x00007ff9e7b10000 - 0x00007ff9e7b37000 	C:\WINDOWS\System32\win32u.dll
0x00007ff9e8810000 - 0x00007ff9e883b000 	C:\WINDOWS\System32\GDI32.dll
0x00007ff9e7b40000 - 0x00007ff9e7c78000 	C:\WINDOWS\System32\gdi32full.dll
0x00007ff9e83e0000 - 0x00007ff9e8483000 	C:\WINDOWS\System32\msvcp_win.dll
0x00007ff9c1b10000 - 0x00007ff9c1b2e000 	C:\Users\CSC\.p2\pool\plugins\org.eclipse.justj.openjdk.hotspot.jre.full.win32.x86_64_21.0.8.v20250724-1412\jre\bin\VCRUNTIME140.dll
0x00007ff9e6d00000 - 0x00007ff9e6f9a000 	C:\WINDOWS\WinSxS\amd64_microsoft.windows.common-controls_6595b64144ccf1df_6.0.26100.4768_none_3e0c112ce331287c\COMCTL32.dll
0x00007ff9ea820000 - 0x00007ff9ea8c9000 	C:\WINDOWS\System32\msvcrt.dll
0x00007ff9e9020000 - 0x00007ff9e904f000 	C:\WINDOWS\System32\IMM32.DLL
0x00007ff9ddbb0000 - 0x00007ff9ddbbc000 	C:\Users\CSC\.p2\pool\plugins\org.eclipse.justj.openjdk.hotspot.jre.full.win32.x86_64_21.0.8.v20250724-1412\jre\bin\vcruntime140_1.dll
0x00007ff98d910000 - 0x00007ff98d99d000 	C:\Users\CSC\.p2\pool\plugins\org.eclipse.justj.openjdk.hotspot.jre.full.win32.x86_64_21.0.8.v20250724-1412\jre\bin\msvcp140.dll
0x00007ff9576a0000 - 0x00007ff958437000 	C:\Users\CSC\.p2\pool\plugins\org.eclipse.justj.openjdk.hotspot.jre.full.win32.x86_64_21.0.8.v20250724-1412\jre\bin\server\jvm.dll
0x00007ff9ea8e0000 - 0x00007ff9ea994000 	C:\WINDOWS\System32\ADVAPI32.dll
0x00007ff9e9e00000 - 0x00007ff9e9ea6000 	C:\WINDOWS\System32\sechost.dll
0x00007ff9ea680000 - 0x00007ff9ea798000 	C:\WINDOWS\System32\RPCRT4.dll
0x00007ff9e9280000 - 0x00007ff9e92f4000 	C:\WINDOWS\System32\WS2_32.dll
0x00007ff9e7990000 - 0x00007ff9e79ee000 	C:\WINDOWS\SYSTEM32\POWRPROF.dll
0x00007ff9e02f0000 - 0x00007ff9e0325000 	C:\WINDOWS\SYSTEM32\WINMM.dll
0x00007ff9e0330000 - 0x00007ff9e033b000 	C:\WINDOWS\SYSTEM32\VERSION.dll
0x00007ff9e7970000 - 0x00007ff9e7984000 	C:\WINDOWS\SYSTEM32\UMPDC.dll
0x00007ff9e5f50000 - 0x00007ff9e5f6b000 	C:\WINDOWS\SYSTEM32\kernel.appcore.dll
0x00007ff9e7270000 - 0x00007ff9e727a000 	C:\Users\CSC\.p2\pool\plugins\org.eclipse.justj.openjdk.hotspot.jre.full.win32.x86_64_21.0.8.v20250724-1412\jre\bin\jimage.dll
0x00007ff9e72d0000 - 0x00007ff9e7511000 	C:\WINDOWS\SYSTEM32\DBGHELP.DLL
0x00007ff9e95d0000 - 0x00007ff9e9955000 	C:\WINDOWS\System32\combase.dll
0x00007ff9e9380000 - 0x00007ff9e9460000 	C:\WINDOWS\System32\OLEAUT32.dll
0x00007ff9e71b0000 - 0x00007ff9e71f3000 	C:\WINDOWS\SYSTEM32\dbgcore.DLL
0x00007ff9e8490000 - 0x00007ff9e8529000 	C:\WINDOWS\System32\bcryptPrimitives.dll
0x00007ff9e7200000 - 0x00007ff9e721f000 	C:\Users\CSC\.p2\pool\plugins\org.eclipse.justj.openjdk.hotspot.jre.full.win32.x86_64_21.0.8.v20250724-1412\jre\bin\java.dll
0x00007ff9dd790000 - 0x00007ff9dd7a8000 	C:\Users\CSC\.p2\pool\plugins\org.eclipse.justj.openjdk.hotspot.jre.full.win32.x86_64_21.0.8.v20250724-1412\jre\bin\zip.dll
0x00007ff9e9f00000 - 0x00007ff9ea64d000 	C:\WINDOWS\System32\SHELL32.dll
0x00007ff9e8260000 - 0x00007ff9e83d3000 	C:\WINDOWS\System32\wintypes.dll
0x00007ff9e4cc0000 - 0x00007ff9e5520000 	C:\WINDOWS\SYSTEM32\windows.storage.dll
0x00007ff9e8f20000 - 0x00007ff9e9015000 	C:\WINDOWS\System32\SHCORE.dll
0x00007ff9e9310000 - 0x00007ff9e937a000 	C:\WINDOWS\System32\shlwapi.dll
0x00007ff9e7a30000 - 0x00007ff9e7a59000 	C:\WINDOWS\SYSTEM32\profapi.dll
0x00007ff9e7250000 - 0x00007ff9e7260000 	C:\Users\CSC\.p2\pool\plugins\org.eclipse.justj.openjdk.hotspot.jre.full.win32.x86_64_21.0.8.v20250724-1412\jre\bin\net.dll
0x00007ff9db7d0000 - 0x00007ff9db8ee000 	C:\WINDOWS\SYSTEM32\WINHTTP.dll
0x00007ff9e64a0000 - 0x00007ff9e650b000 	C:\WINDOWS\system32\mswsock.dll
0x00007ff9d6f20000 - 0x00007ff9d6f36000 	C:\Users\CSC\.p2\pool\plugins\org.eclipse.justj.openjdk.hotspot.jre.full.win32.x86_64_21.0.8.v20250724-1412\jre\bin\nio.dll
0x00007ff9cdde0000 - 0x00007ff9cddea000 	C:\Users\CSC\.p2\pool\plugins\org.eclipse.justj.openjdk.hotspot.jre.full.win32.x86_64_21.0.8.v20250724-1412\jre\bin\management.dll
0x00007ff9ca810000 - 0x00007ff9ca81b000 	C:\Users\CSC\.p2\pool\plugins\org.eclipse.justj.openjdk.hotspot.jre.full.win32.x86_64_21.0.8.v20250724-1412\jre\bin\management_ext.dll
0x00007ff9ea670000 - 0x00007ff9ea678000 	C:\WINDOWS\System32\PSAPI.DLL
0x00007ff9e59a0000 - 0x00007ff9e59d3000 	C:\WINDOWS\SYSTEM32\IPHLPAPI.DLL
0x00007ff9e9300000 - 0x00007ff9e930a000 	C:\WINDOWS\System32\NSI.dll
0x00007ff9e5a90000 - 0x00007ff9e5bb6000 	C:\WINDOWS\SYSTEM32\DNSAPI.dll
0x00007ff9cb930000 - 0x00007ff9cb93b000 	C:\Windows\System32\rasadhlp.dll
0x00007ff9d9620000 - 0x00007ff9d96a6000 	C:\WINDOWS\System32\fwpuclnt.dll

JVMTI agents: none

dbghelp: loaded successfully - version: 4.0.5 - missing functions: none
symbol engine: initialized successfully - sym options: 0x614 - pdb path: .;C:\Users\CSC\.p2\pool\plugins\org.eclipse.justj.openjdk.hotspot.jre.full.win32.x86_64_21.0.8.v20250724-1412\jre\bin;C:\WINDOWS\SYSTEM32;C:\WINDOWS\WinSxS\amd64_microsoft.windows.common-controls_6595b64144ccf1df_6.0.26100.4768_none_3e0c112ce331287c;C:\Users\CSC\.p2\pool\plugins\org.eclipse.justj.openjdk.hotspot.jre.full.win32.x86_64_21.0.8.v20250724-1412\jre\bin\server

VM Arguments:
jvm_args: -Dfile.encoding=UTF-8 -Dstdout.encoding=UTF-8 -Dstderr.encoding=UTF-8 -XX:+ShowCodeDetailsInExceptionMessages 
java_command: com.wipro.ecomuserms.EcomusermsApplication
java_class_path (initial): F:\EclipseCode\Capstone_Project1\ecomuserms\target\classes;C:\Users\CSC\.m2\repository\org\springdoc\springdoc-openapi-starter-webmvc-ui\2.6.0\springdoc-openapi-starter-webmvc-ui-2.6.0.jar;C:\Users\CSC\.m2\repository\org\springdoc\springdoc-openapi-starter-webmvc-api\2.6.0\springdoc-openapi-starter-webmvc-api-2.6.0.jar;C:\Users\CSC\.m2\repository\org\springdoc\springdoc-openapi-starter-common\2.6.0\springdoc-openapi-starter-common-2.6.0.jar;C:\Users\CSC\.m2\repository\io\swagger\core\v3\swagger-core-jakarta\2.2.22\swagger-core-jakarta-2.2.22.jar;C:\Users\CSC\.m2\repository\org\apache\commons\commons-lang3\3.17.0\commons-lang3-3.17.0.jar;C:\Users\CSC\.m2\repository\io\swagger\core\v3\swagger-annotations-jakarta\2.2.22\swagger-annotations-jakarta-2.2.22.jar;C:\Users\CSC\.m2\repository\io\swagger\core\v3\swagger-models-jakarta\2.2.22\swagger-models-jakarta-2.2.22.jar;C:\Users\CSC\.m2\repository\com\fasterxml\jackson\dataformat\jackson-dataformat-yaml\2.19.2\jackson-dataformat-yaml-2.19.2.jar;C:\Users\CSC\.m2\repository\org\webjars\swagger-ui\5.17.14\swagger-ui-5.17.14.jar;C:\Users\CSC\.m2\repository\org\springframework\boot\spring-boot-starter-validation\3.5.5\spring-boot-starter-validation-3.5.5.jar;C:\Users\CSC\.m2\repository\org\springframework\boot\spring-boot-starter\3.5.5\spring-boot-starter-3.5.5.jar;C:\Users\CSC\.m2\repository\org\springframework\boot\spring-boot-starter-logging\3.5.5\spring-boot-starter-logging-3.5.5.jar;C:\Users\CSC\.m2\repository\ch\qos\logback\logback-classic\1.5.18\logback-classic-1.5.18.jar;C:\Users\CSC\.m2\repository\ch\qos\logback\logback-core\1.5.18\logback-core-1.5.18.jar;C:\Users\CSC\.m2\repository\org\apache\logging\log4j\log4j-to-slf4j\2.24.3\log4j-to-slf4j-2.24.3.jar;C:\Users\CSC\.m2\repository\org\apache\logging\log4j\log4j-api\2.24.3\log4j-api-2.24.3.jar;C:\Users\CSC\.m2\repository\org\slf4j\jul-to-slf4j\2.0.17\jul-to-slf4j-2.0.17.jar;C:\Users\CSC\.m2\repository\jakarta\annotation\jakarta.annotation-api\2.1.1\jakarta.annotation-api-2.1.1.jar;C:\Users\CSC\.m2\repository\org\yaml\snakeyaml\2.4\snakeyaml-2.4.jar;C:\Users\CSC\.m2\repository\org\apache\tomcat\embed\tomcat-embed-el\10.1.44\tomcat-embed-el-10.1.44.jar;C:\Users\CSC\.m2\repository\org\hibernate\validator\hibernate-validator\8.0.3.Final\hibernate-validator-8.0.3.Final.jar;C:\Users\CSC\.m2\repository\jakarta\validation\jakarta.validation-api\3.0.2\jakarta.validation-api-3.0.2.jar;C:\Users\CSC\.m2\repository\org\jboss\logging\jboss-logging\3.6.1.Final\jboss-logging-3.6.1.Final.jar;C:\Users\CSC\.m2\repository\com\fasterxml\classmate\1.7.0\classmate-1.7.0.jar;C:\Users\CSC\.m2\repository\jakarta\servlet\jakarta.servlet-api\6.0.0\jakarta.servlet-api-6.0.0.jar;C:\Users\CSC\.m2\repository\org\springframework\boot\spring-boot-devtools\3.5.5\spring-boot-devtools-3.5.5.jar;C:\Users\CSC\.m2\repository\org\springframework\boot\spring-boot\3.5.5\spring-boot-3.5.5.jar;C:\Users\CSC\.m2\repository\org\springframework\spring-context\6.2.10\spring-context-6.2.10.jar;C:\Users\CSC\.m2\repository\org\springframework\boot\spring-boot-autoconfigure\3.5.5\spring-boot-autoconfigure-3.5.5.jar;C:\Users\CSC\.m2\repository\io\jsonwebtoken\jjwt-api\0.11.5\jjwt-api-0.11.5.jar;C:\Users\CSC\.m2\repository\io\jsonwebtoken\jjwt-impl\0.11.5\jjwt-impl-0.11.5.jar;C:\Users\CSC\.m2\repository\io\jsonwebtoken\jjwt-jackson\0.11.5\jjwt-jackson-0.11.5.jar;C:\Users\CSC\.m2\repository\com\fasterxml\jackson\core\jackson-databind\2.19.2\jackson-databind-2.19.2.jar;C:\Users\CSC\.m2\repository\com\fasterxml\jackson\core\jackson-annotations\2.19.2\jackson-annotations-2.19.2.jar;C:\Users\CSC\.m2\repository\com\fasterxml\jackson\core\jackson-core\2.19.2\jackson-core-2.19.2.jar;C:\Users\CSC\.m2\repository\org\springframework\boot\spring-boot-starter-web\3.5.5\spring-boot-starter-web-3.5.5.jar;C:\Users\CSC\.m2\repository\org\springframework\boot\spring-boot-starter-json\3.5.5\spring-boot-starter-json-3.5.5.jar;C:\Users\CSC\.m2\repository\com\fasterxml\jackson\datatype\jackson-datatype-jdk8\2.19.2\jackson-datatype-jdk8-2.19.2.jar;C:\Users\CSC\.m2\repository\com\fasterxml\jackson\datatype\jackson-datatype-jsr310\2.19.2\jackson-datatype-jsr310-2.19.2.jar;C:\Users\CSC\.m2\repository\com\fasterxml\jackson\module\jackson-module-parameter-names\2.19.2\jackson-module-parameter-names-2.19.2.jar;C:\Users\CSC\.m2\repository\org\springframework\boot\spring-boot-starter-tomcat\3.5.5\spring-boot-starter-tomcat-3.5.5.jar;C:\Users\CSC\.m2\repository\org\apache\tomcat\embed\tomcat-embed-core\10.1.44\tomcat-embed-core-10.1.44.jar;C:\Users\CSC\.m2\repository\org\apache\tomcat\embed\tomcat-embed-websocket\10.1.44\tomcat-embed-websocket-10.1.44.jar;C:\Users\CSC\.m2\repository\org\springframework\spring-web\6.2.10\spring-web-6.2.10.jar;C:\Users\CSC\.m2\repository\org\springframework\spring-beans\6.2.10\spring-beans-6.2.10.jar;C:\Users\CSC\.m2\repository\io\micrometer\micrometer-observation\1.15.3\micrometer-observation-1.15.3.jar;C:\Users\CSC\.m2\repository\io\micrometer\micrometer-commons\1.15.3\micrometer-commons-1.15.3.jar;C:\Users\CSC\.m2\repository\org\springframework\spring-webmvc\6.2.10\spring-webmvc-6.2.10.jar;C:\Users\CSC\.m2\repository\org\springframework\spring-expression\6.2.10\spring-expression-6.2.10.jar;C:\Users\CSC\.m2\repository\org\springframework\boot\spring-boot-starter-data-jpa\3.5.5\spring-boot-starter-data-jpa-3.5.5.jar;C:\Users\CSC\.m2\repository\org\springframework\boot\spring-boot-starter-jdbc\3.5.5\spring-boot-starter-jdbc-3.5.5.jar;C:\Users\CSC\.m2\repository\com\zaxxer\HikariCP\6.3.2\HikariCP-6.3.2.jar;C:\Users\CSC\.m2\repository\org\springframework\spring-jdbc\6.2.10\spring-jdbc-6.2.10.jar;C:\Users\CSC\.m2\repository\org\hibernate\orm\hibernate-core\6.6.26.Final\hibernate-core-6.6.26.Final.jar;C:\Users\CSC\.m2\repository\jakarta\persistence\jakarta.persistence-api\3.1.0\jakarta.persistence-api-3.1.0.jar;C:\Users\CSC\.m2\repository\jakarta\transaction\jakarta.transaction-api\2.0.1\jakarta.transaction-api-2.0.1.jar;C:\Users\CSC\.m2\repository\org\hibernate\common\hibernate-commons-annotations\7.0.3.Final\hibernate-commons-annotations-7.0.3.Final.jar;C:\Users\CSC\.m2\repository\io\smallrye\jandex\3.2.0\jandex-3.2.0.jar;C:\Users\CSC\.m2\repository\net\bytebuddy\byte-buddy\1.17.7\byte-buddy-1.17.7.jar;C:\Users\CSC\.m2\repository\org\glassfish\jaxb\jaxb-runtime\4.0.5\jaxb-runtime-4.0.5.jar;C:\Users\CSC\.m2\repository\org\glassfish\jaxb\jaxb-core\4.0.5\jaxb-core-4.0.5.jar;C:\Users\CSC\.m2\repository\org\eclipse\angus\angus-activation\2.0.2\angus-activation-2.0.2.jar;C:\Users\CSC\.m2\repository\org\glassfish\jaxb\txw2\4.0.5\txw2-4.0.5.jar;C:\Users\CSC\.m2\repository\com\sun\istack\istack-commons-runtime\4.1.2\istack-commons-runtime-4.1.2.jar;C:\Users\CSC\.m2\repository\jakarta\inject\jakarta.inject-api\2.0.1\jakarta.inject-api-2.0.1.jar;C:\Users\CSC\.m2\repository\org\antlr\antlr4-runtime\4.13.0\antlr4-runtime-4.13.0.jar;C:\Users\CSC\.m2\repository\org\springframework\data\spring-data-jpa\3.5.3\spring-data-jpa-3.5.3.jar;C:\Users\CSC\.m2\repository\org\springframework\data\spring-data-commons\3.5.3\spring-data-commons-3.5.3.jar;C:\Users\CSC\.m2\repository\org\springframework\spring-orm\6.2.10\spring-orm-6.2.10.jar;C:\Users\CSC\.m2\repository\org\springframework\spring-tx\6.2.10\spring-tx-6.2.10.jar;C:\Users\CSC\.m2\repository\org\slf4j\slf4j-api\2.0.17\slf4j-api-2.0.17.jar;C:\Users\CSC\.m2\repository\org\springframework\spring-aspects\6.2.10\spring-aspects-6.2.10.jar;C:\Users\CSC\.m2\repository\org\aspectj\aspectjweaver\1.9.24\aspectjweaver-1.9.24.jar;C:\Users\CSC\.m2\repository\com\mysql\mysql-connector-j\9.4.0\mysql-connector-j-9.4.0.jar;C:\Users\CSC\.m2\repository\org\projectlombok\lombok\1.18.38\lombok-1.18.38.jar;C:\Users\CSC\.m2\repository\jakarta\xml\bind\jakarta.xml.bind-api\4.0.2\jakarta.xml.bind-api-4.0.2.jar;C:\Users\CSC\.m2\repository\jakarta\activation\jakarta.activation-api\2.1.3\jakarta.activation-api-2.1.3.jar;C:\Users\CSC\.m2\repository\org\springframework\spring-core\6.2.10\spring-core-6.2.10.jar;C:\Users\CSC\.m2\repository\org\springframework\spring-jcl\6.2.10\spring-jcl-6.2.10.jar;C:\Users\CSC\.m2\repository\org\springframework\cloud\spring-cloud-starter-netflix-eureka-client\4.3.0\spring-cloud-starter-netflix-eureka-client-4.3.0.jar;C:\Users\CSC\.m2\repository\org\springframework\cloud\spring-cloud-starter\4.3.0\spring-cloud-starter-4.3.0.jar;C:\Users\CSC\.m2\repository\org\springframework\cloud\spring-cloud-context\4.3.0\spring-cloud-context-4.3.0.jar;C:\Users\CSC\.m2\repository\org\springframework\cloud\spring-cloud-commons\4.3.0\spring-cloud-commons-4.3.0.jar;C:\Users\CSC\.m2\repository\org\bouncycastle\bcprov-jdk18on\1.80\bcprov-jdk18on-1.80.jar;C:\Users\CSC\.m2\repository\org\springframework\cloud\spring-cloud-netflix-eureka-client\4.3.0\spring-cloud-netflix-eureka-client-4.3.0.jar;C:\Users\CSC\.m2\repository\org\apache\httpcomponents\client5\httpclient5\5.5\httpclient5-5.5.jar;C:\Users\CSC\.m2\repository\org\apache\httpcomponents\core5\httpcore5\5.3.4\httpcore5-5.3.4.jar;C:\Users\CSC\.m2\repository\org\apache\httpcomponents\core5\httpcore5-h2\5.3.4\httpcore5-h2-5.3.4.jar;C:\Users\CSC\.m2\repository\com\netflix\eureka\eureka-client\2.0.4\eureka-client-2.0.4.jar;C:\Users\CSC\.m2\repository\com\thoughtworks\xstream\xstream\1.4.20\xstream-1.4.20.jar;C:\Users\CSC\.m2\repository\io\github\x-stream\mxparser\1.2.2\mxparser-1.2.2.jar;C:\Users\CSC\.m2\repository\xmlpull\xmlpull\1.1.3.1\xmlpull-1.1.3.1.jar;C:\Users\CSC\.m2\repository\jakarta\ws\rs\jakarta.ws.rs-api\3.1.0\jakarta.ws.rs-api-3.1.0.jar;C:\Users\CSC\.m2\repository\com\netflix\spectator\spectator-api\1.7.3\spectator-api-1.7.3.jar;C:\Users\CSC\.m2\repository\org\apache\httpcomponents\httpclient\4.5.3\httpclient-4.5.3.jar;C:\Users\CSC\.m2\repository\org\apache\httpcomponents\httpcore\4.4.16\httpcore-4.4.16.jar;C:\Users\CSC\.m2\repository\commons-codec\commons-codec\1.18.0\commons-codec-1.18.0.jar;C:\Users\CSC\.m2\repository\commons-configuration\commons-configuration\1.10\commons-configuration-1.10.jar;C:\Users\CSC\.m2\repository\commons-lang\commons-lang\2.6\commons-lang-2.6.jar;C:\Users\CSC\.m2\repository\com\netflix\netflix-commons\netflix-eventbus\0.3.0\netflix-eventbus-0.3.0.jar;C:\Users\CSC\.m2\repository\com\netflix\netflix-commons\netflix-infix\0.3.0\netflix-infix-0.3.0.jar;C:\Users\CSC\.m2\repository\commons-jxpath\commons-jxpath\1.3\commons-jxpath-1.3.jar;C:\Users\CSC\.m2\repository\joda-time\joda-time\2.3\joda-time-2.3.jar;C:\Users\CSC\.m2\repository\org\antlr\antlr-runtime\3.4\antlr-runtime-3.4.jar;C:\Users\CSC\.m2\repository\org\antlr\stringtemplate\3.2.1\stringtemplate-3.2.1.jar;C:\Users\CSC\.m2\repository\antlr\antlr\2.7.7\antlr-2.7.7.jar;C:\Users\CSC\.m2\repository\com\google\guava\guava\14.0.1\guava-14.0.1.jar;C:\Users\CSC\.m2\repository\com\google\code\gson\gson\2.13.1\gson-2.13.1.jar;C:\Users\CSC\.m2\repository\com\google\errorprone\error_prone_annotations\2.38.0\error_prone_annotations-2.38.0.jar;C:\Users\CSC\.m2\repository\com\netflix\servo\servo-core\0.5.3\servo-core-0.5.3.jar;C:\Users\CSC\.m2\repository\org\apache\commons\commons-math\2.2\commons-math-2.2.jar;C:\Users\CSC\.m2\repository\javax\annotation\javax.annotation-api\1.2\javax.annotation-api-1.2.jar;C:\Users\CSC\.m2\repository\org\codehaus\jettison\jettison\1.5.4\jettison-1.5.4.jar;C:\Users\CSC\.m2\repository\org\springframework\cloud\spring-cloud-starter-loadbalancer\4.3.0\spring-cloud-starter-loadbalancer-4.3.0.jar;C:\Users\CSC\.m2\repository\org\springframework\cloud\spring-cloud-loadbalancer\4.3.0\spring-cloud-loadbalancer-4.3.0.jar;C:\Users\CSC\.m2\repository\io\projectreactor\reactor-core\3.7.9\reactor-core-3.7.9.jar;C:\Users\CSC\.m2\repository\org\reactivestreams\reactive-streams\1.0.4\reactive-streams-1.0.4.jar;C:\Users\CSC\.m2\repository\io\projectreactor\addons\reactor-extra\3.5.2\reactor-extra-3.5.2.jar;C:\Users\CSC\.m2\repository\org\springframework\boot\spring-boot-starter-cache\3.5.5\spring-boot-starter-cache-3.5.5.jar;C:\Users\CSC\.m2\repository\org\springframework\spring-context-support\6.2.10\spring-context-support-6.2.10.jar;C:\Users\CSC\.m2\repository\com\stoyanr\evictor\1.0.0\evictor-1.0.0.jar;C:\Users\CSC\.m2\repository\org\springframework\security\spring-security-core\6.5.3\spring-security-core-6.5.3.jar;C:\Users\CSC\.m2\repository\org\springframework\security\spring-security-crypto\6.5.3\spring-security-crypto-6.5.3.jar;C:\Users\CSC\.m2\repository\org\springframework\security\spring-security-web\6.5.3\spring-security-web-6.5.3.jar;C:\Users\CSC\.m2\repository\org\springframework\boot\spring-boot-starter-security\3.5.5\spring-boot-starter-security-3.5.5.jar;C:\Users\CSC\.m2\repository\org\springframework\spring-aop\6.2.10\spring-aop-6.2.10.jar;C:\Users\CSC\.m2\repository\org\springframework\security\spring-security-config\6.5.3\spring-security-config-6.5.3.jar
Launcher Type: SUN_STANDARD

[Global flags]
     intx CICompilerCount                          = 3                                         {product} {ergonomic}
     uint ConcGCThreads                            = 1                                         {product} {ergonomic}
     uint G1ConcRefinementThreads                  = 4                                         {product} {ergonomic}
   size_t G1HeapRegionSize                         = 1048576                                   {product} {ergonomic}
    uintx GCDrainStackTargetSize                   = 64                                        {product} {ergonomic}
   size_t InitialHeapSize                          = 58720256                                  {product} {ergonomic}
   size_t MarkStackSize                            = 4194304                                   {product} {ergonomic}
   size_t MaxHeapSize                              = 926941184                                 {product} {ergonomic}
   size_t MaxNewSize                               = 555745280                                 {product} {ergonomic}
   size_t MinHeapDeltaBytes                        = 1048576                                   {product} {ergonomic}
   size_t MinHeapSize                              = 8388608                                   {product} {ergonomic}
    uintx NonNMethodCodeHeapSize                   = 5832780                                {pd product} {ergonomic}
    uintx NonProfiledCodeHeapSize                  = 122912730                              {pd product} {ergonomic}
    uintx ProfiledCodeHeapSize                     = 122912730                              {pd product} {ergonomic}
    uintx ReservedCodeCacheSize                    = 251658240                              {pd product} {ergonomic}
     bool SegmentedCodeCache                       = true                                      {product} {ergonomic}
     bool ShowCodeDetailsInExceptionMessages       = true                                   {manageable} {command line}
   size_t SoftMaxHeapSize                          = 926941184                              {manageable} {ergonomic}
     bool UseCompressedOops                        = true                           {product lp64_product} {ergonomic}
     bool UseG1GC                                  = true                                      {product} {ergonomic}
     bool UseLargePagesIndividualAllocation        = false                                  {pd product} {ergonomic}

Logging:
Log output configuration:
 #0: stdout all=warning uptime,level,tags foldmultilines=false
 #1: stderr all=off uptime,level,tags foldmultilines=false

Environment Variables:
PATH=C:/Users/CSC/.p2/pool/plugins/org.eclipse.justj.openjdk.hotspot.jre.full.win32.x86_64_21.0.8.v20250724-1412/jre/bin/server;C:/Users/CSC/.p2/pool/plugins/org.eclipse.justj.openjdk.hotspot.jre.full.win32.x86_64_21.0.8.v20250724-1412/jre/bin;C:\Program Files\Common Files\Oracle\Java\javapath;C:\WINDOWS\system32;C:\WINDOWS;C:\WINDOWS\System32\Wbem;C:\WINDOWS\System32\WindowsPowerShell\v1.0\;C:\WINDOWS\System32\OpenSSH\;C:\Program Files\Java\jdk-21\bin;C:\Program Files\Microsoft VS Code\bin;C:\Program Files\nodejs\;C:\Java Angular\apache-maven-3.9.6\bin;C:\Java Angular\kafka_2.13-3.6.1\bin;D:\Git\cmd;C:\Program Files\MySQL\MySQL Shell 8.0\bin\;C:\Users\CSC\AppData\Local\Microsoft\WindowsApps;C:\Users\CSC\AppData\Roaming\npm;C:\Users\CSC\AppData\Local\GitHubDesktop\bin;C:\Users\CSC\Desktop;
USERNAME=CSC
OS=Windows_NT
PROCESSOR_IDENTIFIER=AMD64 Family 23 Model 24 Stepping 1, AuthenticAMD
TMP=C:\Users\CSC\AppData\Local\Temp
TEMP=C:\Users\CSC\AppData\Local\Temp




Periodic native trim disabled

---------------  S Y S T E M  ---------------

OS:
 Windows 11 , 64 bit Build 26100 (10.0.26100.4768)
OS uptime: 2 days 1:39 hours

CPU: total 4 (initial active 4) (4 cores per cpu, 2 threads per core) family 23 model 24 stepping 1 microcode 0x8108102, cx8, cmov, fxsr, ht, mmx, 3dnowpref, sse, sse2, sse3, ssse3, sse4a, sse4.1, sse4.2, popcnt, lzcnt, tsc, tscinvbit, avx, avx2, aes, clmul, bmi1, bmi2, adx, sha, fma, vzeroupper, clflush, clflushopt, rdtscp, f16c
Processor Information for the first 4 processors :
  Max Mhz: 2600, Current Mhz: 2600, Mhz Limit: 2600

Memory: 4k page, system-wide physical 3530M (256M free)
TotalPageFile size 14282M (AvailPageFile size 0M)
current process WorkingSet (physical memory assigned to process): 92M, peak: 93M
current process commit charge ("private bytes"): 159M, peak: 159M

vm_info: OpenJDK 64-Bit Server VM (21.0.8+9-LTS) for windows-amd64 JRE (21.0.8+9-LTS), built on 2025-07-15T00:00:00Z by "admin" with MS VC++ 17.7 (VS2022)

END.
